2026-04-21 03:28:35,136 | INFO | novel_flow.cli | Novel Flow console started at http://127.0.0.1:8765/
{
  "chapter_plans": [
    {
      "chapter_id": "ch_002",
      "title": "正本清源",
      "summary": "核心推进：承接EVT_0000重逢礼仪后的余波，萧湛借军功归京的势头，把“查册封前夜与卫朔之死”从私怨推入可公开的合规轨道，逼出中枢给出一个“可调查名分”的口径雏形（扣EVT_0019）。主要冲突：朝
{
  "review_notes": [
    "ch_002里“旧账抄录为何足以把女主钉死”的因果缺口：需要明确旧账属于宗正/礼部核验必调的“三年库账/庄田账/抚恤与军需支出账”，一旦被台谏截取并配口供，就能把叙事从“继室不慈”升级成“挪库通军/私养部曲/侵渔官帑”的可入刑罪名，并触发封库夺印、搜检取证，直接剥夺女主行动资格。",
    "ch_002空字段过多，导致章内节奏与章末钩子不够
{
  "review_notes": [
    "当前ch_002对“旧账为何致命”解释已足够硬，但缺少关键一环：女主为何不直接烧账来止血；需要补全“账册是制度性证据、且多副本/点卷封签/呈送存核”的设定，否则读者会觉得女主反应不合理。",
    "建议把“不烧账”的原因写成可执行的程序链：烧不掉（多副本+经手人+点卷）、烧了更死（毁卷=自招+可入刑+立即封库搜检），并明确女主的唯一赢法是“
{
  "review_notes": [
    "ch_002里“裴季安抢先定性”动作很强，但缺少“他为什么非要把你钉死”的个人与结构性利益链；建议补齐：出身与晋身路径（台谏靠立名）、当年旧案口径与他本人曾落笔的绑定、以及他借你来钳制萧湛与服务皇帝设枷的双重收益。",
    "建议把裴季安的针对写成“先定性再取证”的职业本能+政治自保（旧口径反噬）+秩序观执念（妇德/宗法是最省力的刀），而非
{
  "review_notes": [
    "把“自负正义”保留在台面动机，把“皇帝鹰犬”落在行动选择：他永远挑最能替内廷止血、最能提前剪刀的口径来打，而不是单纯逞口舌之快。",
    "让他对男女主的攻击各有“结构理由”：打苏蘅用礼法把柄制造可复制的范例；打萧湛则以‘正统可疑/得人心=僭越’提前拆旗，服务皇帝的‘抬举—设枷—离间’反弹机制。"
  ],
  "revised_chara
{
  "review_notes": [
    "把“瞧不起”写成可落地的审判逻辑：他不是单纯厌恶苏蘅与萧湛，而是把他们的“避北伐/避锋芒”定性为“临阵退缩”“不承社稷之责”，从而在士林话语里天然占据高地；同时让读者看见他的自洽与虚伪——他痛骂别人懦，却最擅长把皇权的恐惧包装成清名的安全区。",
    "在对戏里用具体措辞与程序落锤呈现轻蔑：对苏蘅用“妇德不立则家法不立、家法不立则国法不立”
{
  "review_notes": [
    "ch_002 现版过长、解释性太强（尤其裴季安动机分条），与用户“简单写、原因在角色页已有”冲突，建议改为“章内可演出的程序推进+口径压迫+证据落刀”。",
    "ch_002 需要保留“皇帝允复核但设枷”“台谏把案子往妇德/家门写”“旧账多副本+点卷封签所以不能烧”“章末一夜抢链条”的硬逻辑，但删去重复铺陈与过细名目罗列。"
  ],
 
